{"C:\\Users\\bc1g7642\\Documents\\eldorado-projetofinal\\backend\\index.js": {"path":"C:\\Users\\bc1g7642\\Documents\\eldorado-projetofinal\\backend\\index.js","statementMap":{"0":{"start":{"line":1,"column":16},"end":{"line":1,"column":34}},"1":{"start":{"line":2,"column":15},"end":{"line":2,"column":34}},"2":{"start":{"line":3,"column":18},"end":{"line":3,"column":47}},"3":{"start":{"line":4,"column":20},"end":{"line":4,"column":50}},"4":{"start":{"line":5,"column":19},"end":{"line":5,"column":41}},"5":{"start":{"line":7,"column":13},"end":{"line":7,"column":17}},"6":{"start":{"line":9,"column":12},"end":{"line":9,"column":21}},"7":{"start":{"line":10,"column":0},"end":{"line":10,"column":12}},"8":{"start":{"line":11,"column":0},"end":{"line":11,"column":62}},"9":{"start":{"line":12,"column":0},"end":{"line":12,"column":24}},"10":{"start":{"line":13,"column":0},"end":{"line":13,"column":51}},"11":{"start":{"line":14,"column":0},"end":{"line":14,"column":64}},"12":{"start":{"line":14,"column":23},"end":{"line":14,"column":62}},"13":{"start":{"line":16,"column":0},"end":{"line":16,"column":21}}},"fnMap":{"0":{"name":"(anonymous_0)","decl":{"start":{"line":14,"column":17},"end":{"line":14,"column":18}},"loc":{"start":{"line":14,"column":23},"end":{"line":14,"column":62}},"line":14}},"branchMap":{},"s":{"0":1,"1":1,"2":1,"3":1,"4":1,"5":1,"6":1,"7":1,"8":1,"9":1,"10":1,"11":1,"12":1,"13":1},"f":{"0":1},"b":{},"inputSourceMap":null,"_coverageSchema":"1a1c01bbd47fc00a2c39e90264f33305004495a9","hash":"b233e1f1c23ef667bbfb4423f37553a7f9554580"}
,"C:\\Users\\bc1g7642\\Documents\\eldorado-projetofinal\\backend\\config\\config.js": {"path":"C:\\Users\\bc1g7642\\Documents\\eldorado-projetofinal\\backend\\config\\config.js","statementMap":{"0":{"start":{"line":1,"column":0},"end":{"line":1,"column":27}},"1":{"start":{"line":2,"column":0},"end":{"line":29,"column":2}}},"fnMap":{},"branchMap":{},"s":{"0":1,"1":1},"f":{},"b":{},"inputSourceMap":null,"_coverageSchema":"1a1c01bbd47fc00a2c39e90264f33305004495a9","hash":"2c08c9a1e29f9ef42d3ba66c25cc1b42f76821da"}
,"C:\\Users\\bc1g7642\\Documents\\eldorado-projetofinal\\backend\\controllers\\CategoryController.js": {"path":"C:\\Users\\bc1g7642\\Documents\\eldorado-projetofinal\\backend\\controllers\\CategoryController.js","statementMap":{"0":{"start":{"line":1,"column":17},"end":{"line":1,"column":37}},"1":{"start":{"line":9,"column":25},"end":{"line":9,"column":33}},"2":{"start":{"line":10,"column":8},"end":{"line":15,"column":9}},"3":{"start":{"line":11,"column":31},"end":{"line":11,"column":77}},"4":{"start":{"line":12,"column":12},"end":{"line":12,"column":52}},"5":{"start":{"line":14,"column":12},"end":{"line":14,"column":55}},"6":{"start":{"line":21,"column":8},"end":{"line":26,"column":9}},"7":{"start":{"line":22,"column":25},"end":{"line":22,"column":58}},"8":{"start":{"line":23,"column":12},"end":{"line":23,"column":46}},"9":{"start":{"line":25,"column":12},"end":{"line":25,"column":55}},"10":{"start":{"line":32,"column":23},"end":{"line":32,"column":33}},"11":{"start":{"line":33,"column":8},"end":{"line":38,"column":9}},"12":{"start":{"line":34,"column":28},"end":{"line":34,"column":80}},"13":{"start":{"line":35,"column":12},"end":{"line":35,"column":49}},"14":{"start":{"line":37,"column":12},"end":{"line":37,"column":55}},"15":{"start":{"line":45,"column":23},"end":{"line":45,"column":33}},"16":{"start":{"line":46,"column":8},"end":{"line":51,"column":9}},"17":{"start":{"line":47,"column":28},"end":{"line":47,"column":80}},"18":{"start":{"line":48,"column":12},"end":{"line":48,"column":49}},"19":{"start":{"line":50,"column":12},"end":{"line":50,"column":55}},"20":{"start":{"line":58,"column":29},"end":{"line":58,"column":37}},"21":{"start":{"line":59,"column":8},"end":{"line":64,"column":9}},"22":{"start":{"line":60,"column":30},"end":{"line":60,"column":99}},"23":{"start":{"line":61,"column":12},"end":{"line":61,"column":51}},"24":{"start":{"line":63,"column":12},"end":{"line":63,"column":55}},"25":{"start":{"line":68,"column":0},"end":{"line":68,"column":36}}},"fnMap":{"0":{"name":"(anonymous_0)","decl":{"start":{"line":8,"column":5},"end":{"line":8,"column":6}},"loc":{"start":{"line":8,"column":35},"end":{"line":16,"column":5}},"line":8},"1":{"name":"(anonymous_1)","decl":{"start":{"line":20,"column":4},"end":{"line":20,"column":5}},"loc":{"start":{"line":20,"column":32},"end":{"line":27,"column":5}},"line":20},"2":{"name":"(anonymous_2)","decl":{"start":{"line":31,"column":4},"end":{"line":31,"column":5}},"loc":{"start":{"line":31,"column":36},"end":{"line":39,"column":5}},"line":31},"3":{"name":"(anonymous_3)","decl":{"start":{"line":44,"column":4},"end":{"line":44,"column":5}},"loc":{"start":{"line":44,"column":38},"end":{"line":52,"column":5}},"line":44},"4":{"name":"(anonymous_4)","decl":{"start":{"line":57,"column":4},"end":{"line":57,"column":5}},"loc":{"start":{"line":57,"column":38},"end":{"line":65,"column":5}},"line":57}},"branchMap":{},"s":{"0":1,"1":0,"2":0,"3":0,"4":0,"5":0,"6":1,"7":1,"8":1,"9":0,"10":0,"11":0,"12":0,"13":0,"14":0,"15":1,"16":1,"17":1,"18":1,"19":0,"20":0,"21":0,"22":0,"23":0,"24":0,"25":1},"f":{"0":0,"1":1,"2":0,"3":1,"4":0},"b":{},"inputSourceMap":null,"_coverageSchema":"1a1c01bbd47fc00a2c39e90264f33305004495a9","hash":"1a0aa7813bfd4e2307a2b5d1ee315d9e199f0dd2"}
,"C:\\Users\\bc1g7642\\Documents\\eldorado-projetofinal\\backend\\controllers\\DeviceController.js": {"path":"C:\\Users\\bc1g7642\\Documents\\eldorado-projetofinal\\backend\\controllers\\DeviceController.js","statementMap":{"0":{"start":{"line":1,"column":17},"end":{"line":1,"column":37}},"1":{"start":{"line":9,"column":51},"end":{"line":9,"column":59}},"2":{"start":{"line":10,"column":8},"end":{"line":15,"column":9}},"3":{"start":{"line":11,"column":31},"end":{"line":11,"column":129}},"4":{"start":{"line":12,"column":12},"end":{"line":12,"column":52}},"5":{"start":{"line":14,"column":12},"end":{"line":14,"column":55}},"6":{"start":{"line":21,"column":8},"end":{"line":26,"column":9}},"7":{"start":{"line":22,"column":25},"end":{"line":22,"column":56}},"8":{"start":{"line":23,"column":12},"end":{"line":23,"column":46}},"9":{"start":{"line":25,"column":12},"end":{"line":25,"column":55}},"10":{"start":{"line":32,"column":23},"end":{"line":32,"column":33}},"11":{"start":{"line":33,"column":8},"end":{"line":38,"column":9}},"12":{"start":{"line":34,"column":28},"end":{"line":34,"column":78}},"13":{"start":{"line":35,"column":12},"end":{"line":35,"column":49}},"14":{"start":{"line":37,"column":12},"end":{"line":37,"column":55}},"15":{"start":{"line":45,"column":23},"end":{"line":45,"column":33}},"16":{"start":{"line":46,"column":8},"end":{"line":46,"column":24}},"17":{"start":{"line":47,"column":8},"end":{"line":52,"column":9}},"18":{"start":{"line":48,"column":28},"end":{"line":48,"column":78}},"19":{"start":{"line":49,"column":12},"end":{"line":49,"column":49}},"20":{"start":{"line":51,"column":12},"end":{"line":51,"column":55}},"21":{"start":{"line":59,"column":55},"end":{"line":59,"column":63}},"22":{"start":{"line":60,"column":8},"end":{"line":65,"column":9}},"23":{"start":{"line":61,"column":30},"end":{"line":61,"column":150}},"24":{"start":{"line":62,"column":12},"end":{"line":62,"column":51}},"25":{"start":{"line":64,"column":12},"end":{"line":64,"column":55}},"26":{"start":{"line":70,"column":0},"end":{"line":70,"column":34}}},"fnMap":{"0":{"name":"(anonymous_0)","decl":{"start":{"line":8,"column":5},"end":{"line":8,"column":6}},"loc":{"start":{"line":8,"column":35},"end":{"line":16,"column":5}},"line":8},"1":{"name":"(anonymous_1)","decl":{"start":{"line":20,"column":4},"end":{"line":20,"column":5}},"loc":{"start":{"line":20,"column":32},"end":{"line":27,"column":5}},"line":20},"2":{"name":"(anonymous_2)","decl":{"start":{"line":31,"column":4},"end":{"line":31,"column":5}},"loc":{"start":{"line":31,"column":36},"end":{"line":39,"column":5}},"line":31},"3":{"name":"(anonymous_3)","decl":{"start":{"line":44,"column":4},"end":{"line":44,"column":5}},"loc":{"start":{"line":44,"column":38},"end":{"line":53,"column":5}},"line":44},"4":{"name":"(anonymous_4)","decl":{"start":{"line":58,"column":4},"end":{"line":58,"column":5}},"loc":{"start":{"line":58,"column":38},"end":{"line":66,"column":5}},"line":58}},"branchMap":{},"s":{"0":1,"1":0,"2":0,"3":0,"4":0,"5":0,"6":1,"7":1,"8":0,"9":1,"10":0,"11":0,"12":0,"13":0,"14":0,"15":1,"16":1,"17":1,"18":1,"19":1,"20":0,"21":0,"22":0,"23":0,"24":0,"25":0,"26":1},"f":{"0":0,"1":1,"2":0,"3":1,"4":0},"b":{},"inputSourceMap":null,"_coverageSchema":"1a1c01bbd47fc00a2c39e90264f33305004495a9","hash":"64a15111734b157a83df2a25915a95f2040056a2"}
,"C:\\Users\\bc1g7642\\Documents\\eldorado-projetofinal\\backend\\controllers\\UserController.js": {"path":"C:\\Users\\bc1g7642\\Documents\\eldorado-projetofinal\\backend\\controllers\\UserController.js","statementMap":{"0":{"start":{"line":1,"column":17},"end":{"line":1,"column":37}},"1":{"start":{"line":2,"column":18},"end":{"line":2,"column":35}},"2":{"start":{"line":3,"column":12},"end":{"line":3,"column":35}},"3":{"start":{"line":5,"column":0},"end":{"line":5,"column":27}},"4":{"start":{"line":13,"column":36},"end":{"line":13,"column":44}},"5":{"start":{"line":14,"column":8},"end":{"line":31,"column":9}},"6":{"start":{"line":15,"column":30},"end":{"line":15,"column":86}},"7":{"start":{"line":16,"column":12},"end":{"line":28,"column":13}},"8":{"start":{"line":17,"column":16},"end":{"line":17,"column":55}},"9":{"start":{"line":19,"column":33},"end":{"line":19,"column":81}},"10":{"start":{"line":20,"column":30},"end":{"line":26,"column":18}},"11":{"start":{"line":27,"column":16},"end":{"line":27,"column":63}},"12":{"start":{"line":30,"column":12},"end":{"line":30,"column":55}},"13":{"start":{"line":38,"column":36},"end":{"line":38,"column":44}},"14":{"start":{"line":39,"column":8},"end":{"line":51,"column":9}},"15":{"start":{"line":41,"column":30},"end":{"line":41,"column":85}},"16":{"start":{"line":42,"column":12},"end":{"line":48,"column":13}},"17":{"start":{"line":43,"column":16},"end":{"line":43,"column":55}},"18":{"start":{"line":45,"column":33},"end":{"line":45,"column":64}},"19":{"start":{"line":46,"column":36},"end":{"line":46,"column":100}},"20":{"start":{"line":47,"column":16},"end":{"line":47,"column":57}},"21":{"start":{"line":50,"column":12},"end":{"line":50,"column":55}},"22":{"start":{"line":57,"column":25},"end":{"line":57,"column":33}},"23":{"start":{"line":58,"column":8},"end":{"line":63,"column":9}},"24":{"start":{"line":59,"column":31},"end":{"line":59,"column":73}},"25":{"start":{"line":60,"column":12},"end":{"line":60,"column":52}},"26":{"start":{"line":62,"column":12},"end":{"line":62,"column":55}},"27":{"start":{"line":69,"column":8},"end":{"line":74,"column":9}},"28":{"start":{"line":70,"column":25},"end":{"line":70,"column":54}},"29":{"start":{"line":71,"column":12},"end":{"line":71,"column":46}},"30":{"start":{"line":73,"column":12},"end":{"line":73,"column":55}},"31":{"start":{"line":80,"column":23},"end":{"line":80,"column":33}},"32":{"start":{"line":81,"column":8},"end":{"line":86,"column":9}},"33":{"start":{"line":82,"column":28},"end":{"line":82,"column":76}},"34":{"start":{"line":83,"column":12},"end":{"line":83,"column":49}},"35":{"start":{"line":85,"column":12},"end":{"line":85,"column":55}},"36":{"start":{"line":93,"column":23},"end":{"line":93,"column":33}},"37":{"start":{"line":94,"column":8},"end":{"line":99,"column":9}},"38":{"start":{"line":95,"column":28},"end":{"line":95,"column":76}},"39":{"start":{"line":96,"column":12},"end":{"line":96,"column":49}},"40":{"start":{"line":98,"column":12},"end":{"line":98,"column":55}},"41":{"start":{"line":106,"column":29},"end":{"line":106,"column":37}},"42":{"start":{"line":107,"column":8},"end":{"line":112,"column":9}},"43":{"start":{"line":108,"column":30},"end":{"line":108,"column":95}},"44":{"start":{"line":109,"column":12},"end":{"line":109,"column":51}},"45":{"start":{"line":111,"column":12},"end":{"line":111,"column":55}},"46":{"start":{"line":118,"column":0},"end":{"line":118,"column":32}}},"fnMap":{"0":{"name":"(anonymous_0)","decl":{"start":{"line":12,"column":5},"end":{"line":12,"column":6}},"loc":{"start":{"line":12,"column":34},"end":{"line":32,"column":5}},"line":12},"1":{"name":"(anonymous_1)","decl":{"start":{"line":37,"column":4},"end":{"line":37,"column":5}},"loc":{"start":{"line":37,"column":42},"end":{"line":52,"column":5}},"line":37},"2":{"name":"(anonymous_2)","decl":{"start":{"line":56,"column":5},"end":{"line":56,"column":6}},"loc":{"start":{"line":56,"column":35},"end":{"line":64,"column":5}},"line":56},"3":{"name":"(anonymous_3)","decl":{"start":{"line":68,"column":4},"end":{"line":68,"column":5}},"loc":{"start":{"line":68,"column":32},"end":{"line":75,"column":5}},"line":68},"4":{"name":"(anonymous_4)","decl":{"start":{"line":79,"column":4},"end":{"line":79,"column":5}},"loc":{"start":{"line":79,"column":36},"end":{"line":87,"column":5}},"line":79},"5":{"name":"(anonymous_5)","decl":{"start":{"line":92,"column":4},"end":{"line":92,"column":5}},"loc":{"start":{"line":92,"column":38},"end":{"line":100,"column":5}},"line":92},"6":{"name":"(anonymous_6)","decl":{"start":{"line":105,"column":4},"end":{"line":105,"column":5}},"loc":{"start":{"line":105,"column":38},"end":{"line":113,"column":5}},"line":105}},"branchMap":{"0":{"loc":{"start":{"line":16,"column":12},"end":{"line":28,"column":13}},"type":"if","locations":[{"start":{"line":16,"column":12},"end":{"line":28,"column":13}},{"start":{"line":18,"column":19},"end":{"line":28,"column":13}}],"line":16},"1":{"loc":{"start":{"line":42,"column":12},"end":{"line":48,"column":13}},"type":"if","locations":[{"start":{"line":42,"column":12},"end":{"line":48,"column":13}},{"start":{"line":44,"column":19},"end":{"line":48,"column":13}}],"line":42}},"s":{"0":1,"1":1,"2":1,"3":1,"4":0,"5":0,"6":0,"7":0,"8":0,"9":0,"10":0,"11":0,"12":0,"13":0,"14":0,"15":0,"16":0,"17":0,"18":0,"19":0,"20":0,"21":0,"22":0,"23":0,"24":0,"25":0,"26":0,"27":0,"28":0,"29":0,"30":0,"31":0,"32":0,"33":0,"34":0,"35":0,"36":0,"37":0,"38":0,"39":0,"40":0,"41":0,"42":0,"43":0,"44":0,"45":0,"46":1},"f":{"0":0,"1":0,"2":0,"3":0,"4":0,"5":0,"6":0},"b":{"0":[0,0],"1":[0,0]},"inputSourceMap":null,"_coverageSchema":"1a1c01bbd47fc00a2c39e90264f33305004495a9","hash":"84c001fad8d9b403493ecba436fc022a2cfc2756"}
,"C:\\Users\\bc1g7642\\Documents\\eldorado-projetofinal\\backend\\models\\category.js": {"path":"C:\\Users\\bc1g7642\\Documents\\eldorado-projetofinal\\backend\\models\\category.js","statementMap":{"0":{"start":{"line":4,"column":4},"end":{"line":4,"column":24}},"1":{"start":{"line":5,"column":0},"end":{"line":37,"column":2}},"2":{"start":{"line":10,"column":6},"end":{"line":12,"column":9}},"3":{"start":{"line":15,"column":2},"end":{"line":35,"column":5}},"4":{"start":{"line":36,"column":2},"end":{"line":36,"column":18}}},"fnMap":{"0":{"name":"(anonymous_0)","decl":{"start":{"line":5,"column":17},"end":{"line":5,"column":18}},"loc":{"start":{"line":5,"column":43},"end":{"line":37,"column":1}},"line":5},"1":{"name":"(anonymous_1)","decl":{"start":{"line":8,"column":4},"end":{"line":8,"column":5}},"loc":{"start":{"line":8,"column":29},"end":{"line":13,"column":5}},"line":8}},"branchMap":{},"s":{"0":1,"1":1,"2":1,"3":1,"4":1},"f":{"0":1,"1":1},"b":{},"inputSourceMap":null,"_coverageSchema":"1a1c01bbd47fc00a2c39e90264f33305004495a9","hash":"9b9bf5ea8bf216c4f6c40640f5e583b8e1330324"}
,"C:\\Users\\bc1g7642\\Documents\\eldorado-projetofinal\\backend\\models\\device.js": {"path":"C:\\Users\\bc1g7642\\Documents\\eldorado-projetofinal\\backend\\models\\device.js","statementMap":{"0":{"start":{"line":4,"column":4},"end":{"line":4,"column":24}},"1":{"start":{"line":5,"column":0},"end":{"line":51,"column":2}},"2":{"start":{"line":10,"column":6},"end":{"line":12,"column":9}},"3":{"start":{"line":15,"column":2},"end":{"line":49,"column":5}},"4":{"start":{"line":50,"column":2},"end":{"line":50,"column":16}}},"fnMap":{"0":{"name":"(anonymous_0)","decl":{"start":{"line":5,"column":17},"end":{"line":5,"column":18}},"loc":{"start":{"line":5,"column":43},"end":{"line":51,"column":1}},"line":5},"1":{"name":"(anonymous_1)","decl":{"start":{"line":8,"column":4},"end":{"line":8,"column":5}},"loc":{"start":{"line":8,"column":29},"end":{"line":13,"column":5}},"line":8}},"branchMap":{},"s":{"0":1,"1":1,"2":1,"3":1,"4":1},"f":{"0":1,"1":1},"b":{},"inputSourceMap":null,"_coverageSchema":"1a1c01bbd47fc00a2c39e90264f33305004495a9","hash":"b24df95c64eb20a59d80847358e6832861687d0f"}
,"C:\\Users\\bc1g7642\\Documents\\eldorado-projetofinal\\backend\\models\\index.js": {"path":"C:\\Users\\bc1g7642\\Documents\\eldorado-projetofinal\\backend\\models\\index.js","statementMap":{"0":{"start":{"line":3,"column":11},"end":{"line":3,"column":24}},"1":{"start":{"line":4,"column":13},"end":{"line":4,"column":28}},"2":{"start":{"line":5,"column":18},"end":{"line":5,"column":38}},"3":{"start":{"line":6,"column":17},"end":{"line":6,"column":42}},"4":{"start":{"line":7,"column":12},"end":{"line":7,"column":49}},"5":{"start":{"line":8,"column":15},"end":{"line":8,"column":63}},"6":{"start":{"line":9,"column":11},"end":{"line":9,"column":13}},"7":{"start":{"line":12,"column":0},"end":{"line":16,"column":1}},"8":{"start":{"line":13,"column":2},"end":{"line":13,"column":74}},"9":{"start":{"line":15,"column":2},"end":{"line":15,"column":87}},"10":{"start":{"line":18,"column":0},"end":{"line":26,"column":5}},"11":{"start":{"line":21,"column":4},"end":{"line":21,"column":90}},"12":{"start":{"line":24,"column":18},"end":{"line":24,"column":85}},"13":{"start":{"line":25,"column":4},"end":{"line":25,"column":27}},"14":{"start":{"line":28,"column":0},"end":{"line":32,"column":3}},"15":{"start":{"line":29,"column":2},"end":{"line":31,"column":3}},"16":{"start":{"line":30,"column":4},"end":{"line":30,"column":32}},"17":{"start":{"line":34,"column":0},"end":{"line":34,"column":25}},"18":{"start":{"line":35,"column":0},"end":{"line":35,"column":25}},"19":{"start":{"line":37,"column":0},"end":{"line":37,"column":20}}},"fnMap":{"0":{"name":"(anonymous_0)","decl":{"start":{"line":20,"column":10},"end":{"line":20,"column":11}},"loc":{"start":{"line":20,"column":18},"end":{"line":22,"column":3}},"line":20},"1":{"name":"(anonymous_1)","decl":{"start":{"line":23,"column":11},"end":{"line":23,"column":12}},"loc":{"start":{"line":23,"column":19},"end":{"line":26,"column":3}},"line":23},"2":{"name":"(anonymous_2)","decl":{"start":{"line":28,"column":24},"end":{"line":28,"column":25}},"loc":{"start":{"line":28,"column":37},"end":{"line":32,"column":1}},"line":28}},"branchMap":{"0":{"loc":{"start":{"line":7,"column":12},"end":{"line":7,"column":49}},"type":"binary-expr","locations":[{"start":{"line":7,"column":12},"end":{"line":7,"column":32}},{"start":{"line":7,"column":36},"end":{"line":7,"column":49}}],"line":7},"1":{"loc":{"start":{"line":12,"column":0},"end":{"line":16,"column":1}},"type":"if","locations":[{"start":{"line":12,"column":0},"end":{"line":16,"column":1}},{"start":{"line":14,"column":7},"end":{"line":16,"column":1}}],"line":12},"2":{"loc":{"start":{"line":21,"column":11},"end":{"line":21,"column":89}},"type":"binary-expr","locations":[{"start":{"line":21,"column":12},"end":{"line":21,"column":35}},{"start":{"line":21,"column":41},"end":{"line":21,"column":58}},{"start":{"line":21,"column":64},"end":{"line":21,"column":88}}],"line":21},"3":{"loc":{"start":{"line":29,"column":2},"end":{"line":31,"column":3}},"type":"if","locations":[{"start":{"line":29,"column":2},"end":{"line":31,"column":3}},{"start":{},"end":{}}],"line":29}},"s":{"0":1,"1":1,"2":1,"3":1,"4":1,"5":1,"6":1,"7":1,"8":0,"9":1,"10":1,"11":4,"12":3,"13":3,"14":1,"15":3,"16":3,"17":1,"18":1,"19":1},"f":{"0":4,"1":3,"2":3},"b":{"0":[1,0],"1":[0,1],"2":[4,4,3],"3":[3,0]},"inputSourceMap":null,"_coverageSchema":"1a1c01bbd47fc00a2c39e90264f33305004495a9","hash":"729f7cba49c0b7fe070d7a1a2d6ec6bc281ff242"}
,"C:\\Users\\bc1g7642\\Documents\\eldorado-projetofinal\\backend\\models\\user.js": {"path":"C:\\Users\\bc1g7642\\Documents\\eldorado-projetofinal\\backend\\models\\user.js","statementMap":{"0":{"start":{"line":4,"column":4},"end":{"line":4,"column":24}},"1":{"start":{"line":5,"column":0},"end":{"line":49,"column":2}},"2":{"start":{"line":10,"column":6},"end":{"line":12,"column":9}},"3":{"start":{"line":15,"column":2},"end":{"line":47,"column":5}},"4":{"start":{"line":48,"column":2},"end":{"line":48,"column":14}}},"fnMap":{"0":{"name":"(anonymous_0)","decl":{"start":{"line":5,"column":17},"end":{"line":5,"column":18}},"loc":{"start":{"line":5,"column":43},"end":{"line":49,"column":1}},"line":5},"1":{"name":"(anonymous_1)","decl":{"start":{"line":8,"column":4},"end":{"line":8,"column":5}},"loc":{"start":{"line":8,"column":29},"end":{"line":13,"column":5}},"line":8}},"branchMap":{},"s":{"0":1,"1":1,"2":1,"3":1,"4":1},"f":{"0":1,"1":1},"b":{},"inputSourceMap":null,"_coverageSchema":"1a1c01bbd47fc00a2c39e90264f33305004495a9","hash":"c1060ec34f723d5b4cc043d0ec2577a74404ae99"}
,"C:\\Users\\bc1g7642\\Documents\\eldorado-projetofinal\\backend\\routes\\categoryRoute.js": {"path":"C:\\Users\\bc1g7642\\Documents\\eldorado-projetofinal\\backend\\routes\\categoryRoute.js","statementMap":{"0":{"start":{"line":1,"column":19},"end":{"line":1,"column":37}},"1":{"start":{"line":2,"column":27},"end":{"line":2,"column":71}},"2":{"start":{"line":4,"column":15},"end":{"line":4,"column":23}},"3":{"start":{"line":6,"column":0},"end":{"line":6,"column":56}},"4":{"start":{"line":7,"column":0},"end":{"line":7,"column":53}},"5":{"start":{"line":8,"column":0},"end":{"line":8,"column":61}},"6":{"start":{"line":9,"column":0},"end":{"line":9,"column":66}},"7":{"start":{"line":10,"column":0},"end":{"line":10,"column":59}},"8":{"start":{"line":12,"column":0},"end":{"line":12,"column":24}}},"fnMap":{},"branchMap":{},"s":{"0":1,"1":1,"2":1,"3":1,"4":1,"5":1,"6":1,"7":1,"8":1},"f":{},"b":{},"inputSourceMap":null,"_coverageSchema":"1a1c01bbd47fc00a2c39e90264f33305004495a9","hash":"765ad42a04c699bc29864f1e9ffd488bdbfb58d2"}
,"C:\\Users\\bc1g7642\\Documents\\eldorado-projetofinal\\backend\\routes\\deviceRoute.js": {"path":"C:\\Users\\bc1g7642\\Documents\\eldorado-projetofinal\\backend\\routes\\deviceRoute.js","statementMap":{"0":{"start":{"line":1,"column":19},"end":{"line":1,"column":37}},"1":{"start":{"line":2,"column":25},"end":{"line":2,"column":67}},"2":{"start":{"line":4,"column":15},"end":{"line":4,"column":23}},"3":{"start":{"line":6,"column":0},"end":{"line":6,"column":52}},"4":{"start":{"line":7,"column":0},"end":{"line":7,"column":49}},"5":{"start":{"line":8,"column":0},"end":{"line":8,"column":57}},"6":{"start":{"line":9,"column":0},"end":{"line":9,"column":62}},"7":{"start":{"line":10,"column":0},"end":{"line":10,"column":55}},"8":{"start":{"line":12,"column":0},"end":{"line":12,"column":24}}},"fnMap":{},"branchMap":{},"s":{"0":1,"1":1,"2":1,"3":1,"4":1,"5":1,"6":1,"7":1,"8":1},"f":{},"b":{},"inputSourceMap":null,"_coverageSchema":"1a1c01bbd47fc00a2c39e90264f33305004495a9","hash":"9ab39aed03b3d32e5f50b63ac85bbec6580bf31a"}
,"C:\\Users\\bc1g7642\\Documents\\eldorado-projetofinal\\backend\\routes\\index.js": {"path":"C:\\Users\\bc1g7642\\Documents\\eldorado-projetofinal\\backend\\routes\\index.js","statementMap":{"0":{"start":{"line":1,"column":16},"end":{"line":1,"column":34}},"1":{"start":{"line":2,"column":17},"end":{"line":2,"column":43}},"2":{"start":{"line":3,"column":15},"end":{"line":3,"column":39}},"3":{"start":{"line":4,"column":13},"end":{"line":4,"column":35}},"4":{"start":{"line":12,"column":0},"end":{"line":19,"column":2}},"5":{"start":{"line":13,"column":2},"end":{"line":18,"column":3}}},"fnMap":{"0":{"name":"(anonymous_0)","decl":{"start":{"line":12,"column":17},"end":{"line":12,"column":18}},"loc":{"start":{"line":12,"column":24},"end":{"line":19,"column":1}},"line":12}},"branchMap":{},"s":{"0":1,"1":1,"2":1,"3":1,"4":1,"5":1},"f":{"0":1},"b":{},"inputSourceMap":null,"_coverageSchema":"1a1c01bbd47fc00a2c39e90264f33305004495a9","hash":"90c1498318486cb0e4b445d0e2450e6c32d081b7"}
,"C:\\Users\\bc1g7642\\Documents\\eldorado-projetofinal\\backend\\routes\\userRoute.js": {"path":"C:\\Users\\bc1g7642\\Documents\\eldorado-projetofinal\\backend\\routes\\userRoute.js","statementMap":{"0":{"start":{"line":1,"column":19},"end":{"line":1,"column":37}},"1":{"start":{"line":2,"column":23},"end":{"line":2,"column":63}},"2":{"start":{"line":4,"column":15},"end":{"line":4,"column":23}},"3":{"start":{"line":6,"column":0},"end":{"line":6,"column":53}},"4":{"start":{"line":7,"column":0},"end":{"line":7,"column":65}},"5":{"start":{"line":9,"column":0},"end":{"line":9,"column":48}},"6":{"start":{"line":10,"column":0},"end":{"line":10,"column":45}},"7":{"start":{"line":11,"column":0},"end":{"line":11,"column":53}},"8":{"start":{"line":12,"column":0},"end":{"line":12,"column":58}},"9":{"start":{"line":13,"column":0},"end":{"line":13,"column":51}},"10":{"start":{"line":15,"column":0},"end":{"line":15,"column":24}}},"fnMap":{},"branchMap":{},"s":{"0":1,"1":1,"2":1,"3":1,"4":1,"5":1,"6":1,"7":1,"8":1,"9":1,"10":1},"f":{},"b":{},"inputSourceMap":null,"_coverageSchema":"1a1c01bbd47fc00a2c39e90264f33305004495a9","hash":"4fed35bcb05bd56089fa0fb0eeceb3dc0dd754ae"}
}
